<?xml version="1.0" encoding="UTF-8"?>
<!-- Generated by org.testng.reporters.JUnitXMLReporter -->
<testsuite ignored="0" hostname="192.168.1.68" failures="0" tests="1" name="Test" time="0.032" errors="0" timestamp="2025-06-14T22:01:10 GMT">
  <testcase classname="com.djamo.qa.base.BaseTest" name="@BeforeClass setUp" time="0.005">
    <failure type="java.lang.RuntimeException" message="🚨 Erreur lors de l&amp;apos;initialisation du driver : src/test/resources/capabilities/android_local.json (No such file or directory)">
      <![CDATA[java.lang.RuntimeException: 🚨 Erreur lors de l'initialisation du driver : src/test/resources/capabilities/android_local.json (No such file or directory)
at com.djamo.qa.factory.DriverFactory.initDriver(DriverFactory.java:86)
at com.djamo.qa.base.BaseTest.setUp(BaseTest.java:27)
at java.base/java.util.ArrayList.forEach(ArrayList.java:1596)
Caused by: java.io.FileNotFoundException: src/test/resources/capabilities/android_local.json (No such file or directory)
at java.base/java.io.FileInputStream.open0(Native Method)
at java.base/java.io.FileInputStream.open(FileInputStream.java:213)
at java.base/java.io.FileInputStream.<init>(FileInputStream.java:152)
at java.base/java.io.FileInputStream.<init>(FileInputStream.java:106)
at java.base/java.io.FileReader.<init>(FileReader.java:60)
at com.djamo.qa.factory.DriverFactory.initDriver(DriverFactory.java:27)
... 25 more
... Removed 23 stack frames]]>
    </failure>
  </testcase> <!-- @BeforeClass setUp -->
  <testcase classname="com.djamo.qa.tests.SearchAndNavigateTest" name="testSearchAndNavigate" time="0.0">
    <skipped/>
  </testcase> <!-- testSearchAndNavigate -->
</testsuite> <!-- Test -->
